Arguments: 
  /usr/bin/node /usr/share/yarn/bin/yarn.js add follyfarm

PATH: 
  /home/archie/.rbenv/versions/2.6.4/bin:/home/archie/.rbenv/libexec:/home/archie/.rbenv/plugins/ruby-build/bin:./bin:./node_modules/.bin:/home/archie/.rbenv/shims:/home/archie/.rbenv/bin:/home/archie/bin:/home/archie/.local/bin:/usr/local/sbin:/usr/local/bin:/usr/sbin:/usr/bin:/sbin:/bin:/usr/games:/usr/local/games:/snap/bin:/usr/lib/jvm/java-8-oracle/bin:/usr/lib/jvm/java-8-oracle/db/bin:/usr/lib/jvm/java-8-oracle/jre/bin:/usr/local/sbin

Yarn version: 
  1.12.3

Node version: 
  8.16.1

Platform: 
  linux x64

Trace: 
  Error: https://registry.yarnpkg.com/follyfarm: Not found
      at Request.params.callback [as _callback] (/usr/share/yarn/lib/cli.js:65894:18)
      at Request.self.callback (/usr/share/yarn/lib/cli.js:129018:22)
      at emitTwo (events.js:126:13)
      at Request.emit (events.js:214:7)
      at Request.<anonymous> (/usr/share/yarn/lib/cli.js:129990:10)
      at emitOne (events.js:116:13)
      at Request.emit (events.js:211:7)
      at IncomingMessage.<anonymous> (/usr/share/yarn/lib/cli.js:129912:12)
      at Object.onceWrapper (events.js:313:30)
      at emitNone (events.js:111:20)

npm manifest: 
  No manifest

yarn manifest: 
  No manifest

Lockfile: 
  # THIS IS AN AUTOGENERATED FILE. DO NOT EDIT THIS FILE DIRECTLY.
  # yarn lockfile v1
